# JRE version: OpenJDK Runtime Environment (21.0.4) (build 21.0.4+-12508038-b607.1)
# Java VM: OpenJDK 64-Bit Server VM (21.0.4+-12508038-b607.1, mixed mode, tiered, compressed oops, compressed class ptrs, g1 gc, windows-amd64)
GC Precious Log:
 CardTable entry size: 512
 Card Set container configuration: InlinePtr #cards 5 size 8 Array Of Cards #cards 12 size 40 Howl #buckets 4 coarsen threshold 1843 Howl Bitmap #cards 512 size 80 coarsen threshold 460 Card regions per heap region 1 cards per card region 2048
 CPUs: 4 total, 4 available
 Memory: 3521M
 Large Page Support: Disabled
 NUMA Support: Disabled
 Compressed Oops: Enabled (32-bit)
 Heap Region Size: 1M
 Heap Min Capacity: 8M
 Heap Initial Capacity: 56M
 Heap Max Capacity: 2G
 Pre-touch: Disabled
 Parallel Workers: 4
 Concurrent Workers: 1
 Concurrent Refinement Workers: 4
 Periodic GC: Disabled
Heap:
 garbage-first heap   total 163840K, used 107290K [0x0000000080000000, 0x0000000100000000)
  region size 1024K, 7 young (7168K), 7 survivors (7168K)
 Metaspace       used 110589K, committed 112704K, reserved 1179648K
  class space    used 14947K, committed 16064K, reserved 1048576K
GC Heap History (20 events):
Event: 35.081 GC heap after
{Heap after GC invocations=38 (full 0):
 garbage-first heap   total 128000K, used 79803K [0x0000000080000000, 0x0000000100000000)
  region size 1024K, 3 young (3072K), 3 survivors (3072K)
 Metaspace       used 81188K, committed 83008K, reserved 1179648K
  class space    used 10847K, committed 11776K, reserved 1048576K
}
Event: 36.682 GC heap before
{Heap before GC invocations=38 (full 0):
 garbage-first heap   total 128000K, used 115643K [0x0000000080000000, 0x0000000100000000)
  region size 1024K, 38 young (38912K), 3 survivors (3072K)
 Metaspace       used 84744K, committed 86592K, reserved 1179648K
  class space    used 11295K, committed 12224K, reserved 1048576K
}
Event: 36.692 GC heap after
{Heap after GC invocations=39 (full 0):
 garbage-first heap   total 128000K, used 81637K [0x0000000080000000, 0x0000000100000000)
  region size 1024K, 5 young (5120K), 5 survivors (5120K)
 Metaspace       used 84744K, committed 86592K, reserved 1179648K
  class space    used 11295K, committed 12224K, reserved 1048576K
}
Event: 38.291 GC heap before
{Heap before GC invocations=40 (full 0):
 garbage-first heap   total 137216K, used 118501K [0x0000000080000000, 0x0000000100000000)
  region size 1024K, 37 young (37888K), 5 survivors (5120K)
 Metaspace       used 87716K, committed 89536K, reserved 1179648K
  class space    used 11677K, committed 12608K, reserved 1048576K
}
Event: 38.336 GC heap after
{Heap after GC invocations=41 (full 0):
 garbage-first heap   total 137216K, used 88505K [0x0000000080000000, 0x0000000100000000)
  region size 1024K, 5 young (5120K), 5 survivors (5120K)
 Metaspace       used 87716K, committed 89536K, reserved 1179648K
  class space    used 11677K, committed 12608K, reserved 1048576K
}
Event: 42.181 GC heap before
{Heap before GC invocations=41 (full 0):
 garbage-first heap   total 137216K, used 123321K [0x0000000080000000, 0x0000000100000000)
  region size 1024K, 39 young (39936K), 5 survivors (5120K)
 Metaspace       used 89700K, committed 91584K, reserved 1179648K
  class space    used 11934K, committed 12864K, reserved 1048576K
}
Event: 42.198 GC heap after
{Heap after GC invocations=42 (full 0):
 garbage-first heap   total 137216K, used 91136K [0x0000000080000000, 0x0000000100000000)
  region size 1024K, 5 young (5120K), 5 survivors (5120K)
 Metaspace       used 89700K, committed 91584K, reserved 1179648K
  class space    used 11934K, committed 12864K, reserved 1048576K
}
Event: 44.789 GC heap before
{Heap before GC invocations=42 (full 0):
 garbage-first heap   total 137216K, used 122880K [0x0000000080000000, 0x0000000100000000)
  region size 1024K, 37 young (37888K), 5 survivors (5120K)
 Metaspace       used 91024K, committed 92864K, reserved 1179648K
  class space    used 12087K, committed 12992K, reserved 1048576K
}
Event: 44.800 GC heap after
{Heap after GC invocations=43 (full 0):
 garbage-first heap   total 137216K, used 92993K [0x0000000080000000, 0x0000000100000000)
  region size 1024K, 3 young (3072K), 3 survivors (3072K)
 Metaspace       used 91024K, committed 92864K, reserved 1179648K
  class space    used 12087K, committed 12992K, reserved 1048576K
}
Event: 48.276 GC heap before
{Heap before GC invocations=44 (full 0):
 garbage-first heap   total 155648K, used 124737K [0x0000000080000000, 0x0000000100000000)
  region size 1024K, 34 young (34816K), 3 survivors (3072K)
 Metaspace       used 93370K, committed 95232K, reserved 1179648K
  class space    used 12406K, committed 13312K, reserved 1048576K
}
Event: 48.289 GC heap after
{Heap after GC invocations=45 (full 0):
 garbage-first heap   total 155648K, used 95762K [0x0000000080000000, 0x0000000100000000)
  region size 1024K, 3 young (3072K), 3 survivors (3072K)
 Metaspace       used 93370K, committed 95232K, reserved 1179648K
  class space    used 12406K, committed 13312K, reserved 1048576K
}
Event: 49.591 GC heap before
{Heap before GC invocations=45 (full 0):
 garbage-first heap   total 155648K, used 141842K [0x0000000080000000, 0x0000000100000000)
  region size 1024K, 48 young (49152K), 3 survivors (3072K)
 Metaspace       used 97117K, committed 99008K, reserved 1179648K
  class space    used 13092K, committed 14016K, reserved 1048576K
}
Event: 49.601 GC heap after
{Heap after GC invocations=46 (full 0):
 garbage-first heap   total 155648K, used 94880K [0x0000000080000000, 0x0000000100000000)
  region size 1024K, 4 young (4096K), 4 survivors (4096K)
 Metaspace       used 97117K, committed 99008K, reserved 1179648K
  class space    used 13092K, committed 14016K, reserved 1048576K
}
Event: 50.559 GC heap before
{Heap before GC invocations=46 (full 0):
 garbage-first heap   total 155648K, used 140960K [0x0000000080000000, 0x0000000100000000)
  region size 1024K, 49 young (50176K), 4 survivors (4096K)
 Metaspace       used 100404K, committed 102400K, reserved 1179648K
  class space    used 13558K, committed 14528K, reserved 1048576K
}
Event: 50.568 GC heap after
{Heap after GC invocations=47 (full 0):
 garbage-first heap   total 155648K, used 96938K [0x0000000080000000, 0x0000000100000000)
  region size 1024K, 6 young (6144K), 6 survivors (6144K)
 Metaspace       used 100404K, committed 102400K, reserved 1179648K
  class space    used 13558K, committed 14528K, reserved 1048576K
}
Event: 52.006 GC heap before
{Heap before GC invocations=48 (full 0):
 garbage-first heap   total 163840K, used 139946K [0x0000000080000000, 0x0000000100000000)
  region size 1024K, 48 young (49152K), 6 survivors (6144K)
 Metaspace       used 103290K, committed 105344K, reserved 1179648K
  class space    used 14014K, committed 15040K, reserved 1048576K
}
Event: 52.021 GC heap after
{Heap after GC invocations=49 (full 0):
 garbage-first heap   total 163840K, used 100005K [0x0000000080000000, 0x0000000100000000)
  region size 1024K, 6 young (6144K), 6 survivors (6144K)
 Metaspace       used 103290K, committed 105344K, reserved 1179648K
  class space    used 14014K, committed 15040K, reserved 1048576K
}
Event: 53.306 GC heap before
{Heap before GC invocations=49 (full 0):
 garbage-first heap   total 163840K, used 148133K [0x0000000080000000, 0x0000000100000000)
  region size 1024K, 53 young (54272K), 6 survivors (6144K)
 Metaspace       used 107912K, committed 109952K, reserved 1179648K
  class space    used 14648K, committed 15680K, reserved 1048576K
}
Event: 53.388 GC heap after
{Heap after GC invocations=50 (full 0):
 garbage-first heap   total 163840K, used 102100K [0x0000000080000000, 0x0000000100000000)
  region size 1024K, 6 young (6144K), 6 survivors (6144K)
 Metaspace       used 107912K, committed 109952K, reserved 1179648K
  class space    used 14648K, committed 15680K, reserved 1048576K
}
Event: 55.195 GC heap before
{Heap before GC invocations=50 (full 0):
 garbage-first heap   total 163840K, used 148180K [0x0000000080000000, 0x0000000100000000)
  region size 1024K, 52 young (53248K), 6 survivors (6144K)
 Metaspace       used 110589K, committed 112704K, reserved 1179648K
  class space    used 14947K, committed 16064K, reserved 1048576K
}

