# JRE version: OpenJDK Runtime Environment (21.0.4) (build 21.0.4+-12508038-b607.1)
# Java VM: OpenJDK 64-Bit Server VM (21.0.4+-12508038-b607.1, mixed mode, tiered, compressed oops, compressed class ptrs, g1 gc, windows-amd64)
GC Precious Log:
 CardTable entry size: 512
 Card Set container configuration: InlinePtr #cards 5 size 8 Array Of Cards #cards 12 size 40 Howl #buckets 4 coarsen threshold 1843 Howl Bitmap #cards 512 size 80 coarsen threshold 460 Card regions per heap region 1 cards per card region 2048
 CPUs: 4 total, 4 available
 Memory: 3521M
 Large Page Support: Disabled
 NUMA Support: Disabled
 Compressed Oops: Enabled (32-bit)
 Heap Region Size: 1M
 Heap Min Capacity: 8M
 Heap Initial Capacity: 56M
 Heap Max Capacity: 2G
 Pre-touch: Disabled
 Parallel Workers: 4
 Concurrent Workers: 1
 Concurrent Refinement Workers: 4
 Periodic GC: Disabled
Heap:
 garbage-first heap   total 173056K, used 107943K [0x0000000080000000, 0x0000000100000000)
  region size 1024K, 7 young (7168K), 7 survivors (7168K)
 Metaspace       used 111675K, committed 113792K, reserved 1179648K
  class space    used 14990K, committed 16064K, reserved 1048576K
GC Heap History (20 events):
Event: 63.004 GC heap after
{Heap after GC invocations=43 (full 0):
 garbage-first heap   total 149504K, used 80901K [0x0000000080000000, 0x0000000100000000)
  region size 1024K, 2 young (2048K), 2 survivors (2048K)
 Metaspace       used 78985K, committed 80896K, reserved 1179648K
  class space    used 10561K, committed 11520K, reserved 1048576K
}
Event: 64.204 GC heap before
{Heap before GC invocations=43 (full 0):
 garbage-first heap   total 149504K, used 128005K [0x0000000080000000, 0x0000000100000000)
  region size 1024K, 47 young (48128K), 2 survivors (2048K)
 Metaspace       used 82541K, committed 84416K, reserved 1179648K
  class space    used 11018K, committed 11968K, reserved 1048576K
}
Event: 64.210 GC heap after
{Heap after GC invocations=44 (full 0):
 garbage-first heap   total 149504K, used 83630K [0x0000000080000000, 0x0000000100000000)
  region size 1024K, 3 young (3072K), 3 survivors (3072K)
 Metaspace       used 82541K, committed 84416K, reserved 1179648K
  class space    used 11018K, committed 11968K, reserved 1048576K
}
Event: 65.326 GC heap before
{Heap before GC invocations=44 (full 0):
 garbage-first heap   total 149504K, used 108206K [0x0000000080000000, 0x0000000100000000)
  region size 1024K, 28 young (28672K), 3 survivors (3072K)
 Metaspace       used 85295K, committed 87168K, reserved 1179648K
  class space    used 11382K, committed 12288K, reserved 1048576K
}
Event: 65.336 GC heap after
{Heap after GC invocations=45 (full 0):
 garbage-first heap   total 149504K, used 84793K [0x0000000080000000, 0x0000000100000000)
  region size 1024K, 4 young (4096K), 4 survivors (4096K)
 Metaspace       used 85295K, committed 87168K, reserved 1179648K
  class space    used 11382K, committed 12288K, reserved 1048576K
}
Event: 67.543 GC heap before
{Heap before GC invocations=46 (full 0):
 garbage-first heap   total 149504K, used 137017K [0x0000000080000000, 0x0000000100000000)
  region size 1024K, 52 young (53248K), 4 survivors (4096K)
 Metaspace       used 89206K, committed 91136K, reserved 1179648K
  class space    used 11882K, committed 12864K, reserved 1048576K
}
Event: 67.564 GC heap after
{Heap after GC invocations=47 (full 0):
 garbage-first heap   total 149504K, used 91050K [0x0000000080000000, 0x0000000100000000)
  region size 1024K, 7 young (7168K), 7 survivors (7168K)
 Metaspace       used 89206K, committed 91136K, reserved 1179648K
  class space    used 11882K, committed 12864K, reserved 1048576K
}
Event: 69.490 GC heap before
{Heap before GC invocations=47 (full 0):
 garbage-first heap   total 149504K, used 133034K [0x0000000080000000, 0x0000000100000000)
  region size 1024K, 48 young (49152K), 7 survivors (7168K)
 Metaspace       used 90545K, committed 92480K, reserved 1179648K
  class space    used 12047K, committed 13056K, reserved 1048576K
}
Event: 69.513 GC heap after
{Heap after GC invocations=48 (full 0):
 garbage-first heap   total 149504K, used 93109K [0x0000000080000000, 0x0000000100000000)
  region size 1024K, 6 young (6144K), 6 survivors (6144K)
 Metaspace       used 90545K, committed 92480K, reserved 1179648K
  class space    used 12047K, committed 13056K, reserved 1048576K
}
Event: 70.390 GC heap before
{Heap before GC invocations=48 (full 0):
 garbage-first heap   total 149504K, used 123829K [0x0000000080000000, 0x0000000100000000)
  region size 1024K, 37 young (37888K), 6 survivors (6144K)
 Metaspace       used 93017K, committed 94976K, reserved 1179648K
  class space    used 12381K, committed 13376K, reserved 1048576K
}
Event: 70.406 GC heap after
{Heap after GC invocations=49 (full 0):
 garbage-first heap   total 149504K, used 96171K [0x0000000080000000, 0x0000000100000000)
  region size 1024K, 3 young (3072K), 3 survivors (3072K)
 Metaspace       used 93017K, committed 94976K, reserved 1179648K
  class space    used 12381K, committed 13376K, reserved 1048576K
}
Event: 71.597 GC heap before
{Heap before GC invocations=50 (full 0):
 garbage-first heap   total 163840K, used 138155K [0x0000000080000000, 0x0000000100000000)
  region size 1024K, 43 young (44032K), 3 survivors (3072K)
 Metaspace       used 96261K, committed 98304K, reserved 1179648K
  class space    used 12973K, committed 14016K, reserved 1048576K
}
Event: 71.602 GC heap after
{Heap after GC invocations=51 (full 0):
 garbage-first heap   total 163840K, used 96431K [0x0000000080000000, 0x0000000100000000)
  region size 1024K, 3 young (3072K), 3 survivors (3072K)
 Metaspace       used 96261K, committed 98304K, reserved 1179648K
  class space    used 12973K, committed 14016K, reserved 1048576K
}
Event: 72.709 GC heap before
{Heap before GC invocations=51 (full 0):
 garbage-first heap   total 163840K, used 149679K [0x0000000080000000, 0x0000000100000000)
  region size 1024K, 55 young (56320K), 3 survivors (3072K)
 Metaspace       used 100150K, committed 102208K, reserved 1179648K
  class space    used 13531K, committed 14592K, reserved 1048576K
}
Event: 72.720 GC heap after
{Heap after GC invocations=52 (full 0):
 garbage-first heap   total 163840K, used 97650K [0x0000000080000000, 0x0000000100000000)
  region size 1024K, 6 young (6144K), 6 survivors (6144K)
 Metaspace       used 100150K, committed 102208K, reserved 1179648K
  class space    used 13531K, committed 14592K, reserved 1048576K
}
Event: 73.860 GC heap before
{Heap before GC invocations=52 (full 0):
 garbage-first heap   total 163840K, used 148850K [0x0000000080000000, 0x0000000100000000)
  region size 1024K, 56 young (57344K), 6 survivors (6144K)
 Metaspace       used 104007K, committed 106112K, reserved 1179648K
  class space    used 14097K, committed 15168K, reserved 1048576K
}
Event: 73.882 GC heap after
{Heap after GC invocations=53 (full 0):
 garbage-first heap   total 163840K, used 100660K [0x0000000080000000, 0x0000000100000000)
  region size 1024K, 7 young (7168K), 7 survivors (7168K)
 Metaspace       used 104007K, committed 106112K, reserved 1179648K
  class space    used 14097K, committed 15168K, reserved 1048576K
}
Event: 75.319 GC heap before
{Heap before GC invocations=54 (full 0):
 garbage-first heap   total 168960K, used 146740K [0x0000000080000000, 0x0000000100000000)
  region size 1024K, 52 young (53248K), 7 survivors (7168K)
 Metaspace       used 107997K, committed 110080K, reserved 1179648K
  class space    used 14665K, committed 15744K, reserved 1048576K
}
Event: 75.334 GC heap after
{Heap after GC invocations=55 (full 0):
 garbage-first heap   total 168960K, used 103203K [0x0000000080000000, 0x0000000100000000)
  region size 1024K, 6 young (6144K), 6 survivors (6144K)
 Metaspace       used 107997K, committed 110080K, reserved 1179648K
  class space    used 14665K, committed 15744K, reserved 1048576K
}
Event: 76.535 GC heap before
{Heap before GC invocations=55 (full 0):
 garbage-first heap   total 168960K, used 157475K [0x0000000080000000, 0x0000000100000000)
  region size 1024K, 55 young (56320K), 6 survivors (6144K)
 Metaspace       used 111675K, committed 113792K, reserved 1179648K
  class space    used 14990K, committed 16064K, reserved 1048576K
}

