# JRE version: OpenJDK Runtime Environment (21.0.4) (build 21.0.4+-12508038-b607.1)
# Java VM: OpenJDK 64-Bit Server VM (21.0.4+-12508038-b607.1, mixed mode, tiered, compressed oops, compressed class ptrs, g1 gc, windows-amd64)
GC Precious Log:
 CardTable entry size: 512
 Card Set container configuration: InlinePtr #cards 5 size 8 Array Of Cards #cards 12 size 40 Howl #buckets 4 coarsen threshold 1843 Howl Bitmap #cards 512 size 80 coarsen threshold 460 Card regions per heap region 1 cards per card region 2048
 CPUs: 4 total, 4 available
 Memory: 3521M
 Large Page Support: Disabled
 NUMA Support: Disabled
 Compressed Oops: Enabled (32-bit)
 Heap Region Size: 1M
 Heap Min Capacity: 8M
 Heap Initial Capacity: 56M
 Heap Max Capacity: 882M
 Pre-touch: Disabled
 Parallel Workers: 4
 Concurrent Workers: 1
 Concurrent Refinement Workers: 4
 Periodic GC: Disabled
Heap:
 garbage-first heap   total 73728K, used 55027K [0x00000000c8e00000, 0x0000000100000000)
  region size 1024K, 13 young (13312K), 1 survivors (1024K)
 Metaspace       used 57729K, committed 58496K, reserved 1114112K
  class space    used 6826K, committed 7232K, reserved 1048576K
GC Heap History (20 events):
Event: 8.945 GC heap before
{Heap before GC invocations=15 (full 0):
 garbage-first heap   total 46080K, used 41270K [0x00000000c8e00000, 0x0000000100000000)
  region size 1024K, 17 young (17408K), 2 survivors (2048K)
 Metaspace       used 45109K, committed 45824K, reserved 1114112K
  class space    used 5375K, committed 5696K, reserved 1048576K
}
Event: 8.959 GC heap after
{Heap after GC invocations=16 (full 0):
 garbage-first heap   total 48128K, used 28672K [0x00000000c8e00000, 0x0000000100000000)
  region size 1024K, 3 young (3072K), 3 survivors (3072K)
 Metaspace       used 45109K, committed 45824K, reserved 1114112K
  class space    used 5375K, committed 5696K, reserved 1048576K
}
Event: 9.155 GC heap before
{Heap before GC invocations=16 (full 0):
 garbage-first heap   total 48128K, used 40960K [0x00000000c8e00000, 0x0000000100000000)
  region size 1024K, 15 young (15360K), 3 survivors (3072K)
 Metaspace       used 46245K, committed 46912K, reserved 1114112K
  class space    used 5507K, committed 5824K, reserved 1048576K
}
Event: 9.162 GC heap after
{Heap after GC invocations=17 (full 0):
 garbage-first heap   total 48128K, used 29976K [0x00000000c8e00000, 0x0000000100000000)
  region size 1024K, 1 young (1024K), 1 survivors (1024K)
 Metaspace       used 46245K, committed 46912K, reserved 1114112K
  class space    used 5507K, committed 5824K, reserved 1048576K
}
Event: 9.828 GC heap before
{Heap before GC invocations=18 (full 0):
 garbage-first heap   total 51200K, used 41240K [0x00000000c8e00000, 0x0000000100000000)
  region size 1024K, 12 young (12288K), 1 survivors (1024K)
 Metaspace       used 47328K, committed 48000K, reserved 1114112K
  class space    used 5632K, committed 5952K, reserved 1048576K
}
Event: 9.833 GC heap after
{Heap after GC invocations=19 (full 0):
 garbage-first heap   total 51200K, used 30527K [0x00000000c8e00000, 0x0000000100000000)
  region size 1024K, 2 young (2048K), 2 survivors (2048K)
 Metaspace       used 47328K, committed 48000K, reserved 1114112K
  class space    used 5632K, committed 5952K, reserved 1048576K
}
Event: 10.485 GC heap before
{Heap before GC invocations=19 (full 0):
 garbage-first heap   total 51200K, used 43839K [0x00000000c8e00000, 0x0000000100000000)
  region size 1024K, 15 young (15360K), 2 survivors (2048K)
 Metaspace       used 48741K, committed 49472K, reserved 1114112K
  class space    used 5787K, committed 6144K, reserved 1048576K
}
Event: 10.499 GC heap after
{Heap after GC invocations=20 (full 0):
 garbage-first heap   total 51200K, used 33068K [0x00000000c8e00000, 0x0000000100000000)
  region size 1024K, 2 young (2048K), 2 survivors (2048K)
 Metaspace       used 48741K, committed 49472K, reserved 1114112K
  class space    used 5787K, committed 6144K, reserved 1048576K
}
Event: 12.354 GC heap before
{Heap before GC invocations=20 (full 0):
 garbage-first heap   total 51200K, used 44332K [0x00000000c8e00000, 0x0000000100000000)
  region size 1024K, 13 young (13312K), 2 survivors (2048K)
 Metaspace       used 50076K, committed 50816K, reserved 1114112K
  class space    used 5862K, committed 6208K, reserved 1048576K
}
Event: 12.368 GC heap after
{Heap after GC invocations=21 (full 0):
 garbage-first heap   total 51200K, used 35646K [0x00000000c8e00000, 0x0000000100000000)
  region size 1024K, 2 young (2048K), 2 survivors (2048K)
 Metaspace       used 50076K, committed 50816K, reserved 1114112K
  class space    used 5862K, committed 6208K, reserved 1048576K
}
Event: 13.065 GC heap before
{Heap before GC invocations=22 (full 0):
 garbage-first heap   total 60416K, used 44862K [0x00000000c8e00000, 0x0000000100000000)
  region size 1024K, 11 young (11264K), 2 survivors (2048K)
 Metaspace       used 50504K, committed 51200K, reserved 1114112K
  class space    used 5873K, committed 6208K, reserved 1048576K
}
Event: 13.074 GC heap after
{Heap after GC invocations=23 (full 0):
 garbage-first heap   total 60416K, used 37662K [0x00000000c8e00000, 0x0000000100000000)
  region size 1024K, 2 young (2048K), 2 survivors (2048K)
 Metaspace       used 50504K, committed 51200K, reserved 1114112K
  class space    used 5873K, committed 6208K, reserved 1048576K
}
Event: 13.568 GC heap before
{Heap before GC invocations=23 (full 0):
 garbage-first heap   total 60416K, used 53022K [0x00000000c8e00000, 0x0000000100000000)
  region size 1024K, 17 young (17408K), 2 survivors (2048K)
 Metaspace       used 50629K, committed 51328K, reserved 1114112K
  class space    used 5873K, committed 6208K, reserved 1048576K
}
Event: 13.582 GC heap after
{Heap after GC invocations=24 (full 0):
 garbage-first heap   total 72704K, used 38507K [0x00000000c8e00000, 0x0000000100000000)
  region size 1024K, 3 young (3072K), 3 survivors (3072K)
 Metaspace       used 50629K, committed 51328K, reserved 1114112K
  class space    used 5873K, committed 6208K, reserved 1048576K
}
Event: 14.168 GC heap before
{Heap before GC invocations=24 (full 0):
 garbage-first heap   total 72704K, used 62059K [0x00000000c8e00000, 0x0000000100000000)
  region size 1024K, 26 young (26624K), 3 survivors (3072K)
 Metaspace       used 51222K, committed 51904K, reserved 1114112K
  class space    used 5923K, committed 6272K, reserved 1048576K
}
Event: 14.185 GC heap after
{Heap after GC invocations=25 (full 0):
 garbage-first heap   total 72704K, used 42466K [0x00000000c8e00000, 0x0000000100000000)
  region size 1024K, 4 young (4096K), 4 survivors (4096K)
 Metaspace       used 51222K, committed 51904K, reserved 1114112K
  class space    used 5923K, committed 6272K, reserved 1048576K
}
Event: 14.286 GC heap before
{Heap before GC invocations=25 (full 0):
 garbage-first heap   total 72704K, used 61922K [0x00000000c8e00000, 0x0000000100000000)
  region size 1024K, 23 young (23552K), 4 survivors (4096K)
 Metaspace       used 51227K, committed 51904K, reserved 1114112K
  class space    used 5923K, committed 6272K, reserved 1048576K
}
Event: 14.296 GC heap after
{Heap after GC invocations=26 (full 0):
 garbage-first heap   total 72704K, used 43690K [0x00000000c8e00000, 0x0000000100000000)
  region size 1024K, 1 young (1024K), 1 survivors (1024K)
 Metaspace       used 51227K, committed 51904K, reserved 1114112K
  class space    used 5923K, committed 6272K, reserved 1048576K
}
Event: 15.221 GC heap before
{Heap before GC invocations=26 (full 0):
 garbage-first heap   total 72704K, used 64170K [0x00000000c8e00000, 0x0000000100000000)
  region size 1024K, 21 young (21504K), 1 survivors (1024K)
 Metaspace       used 55421K, committed 56128K, reserved 1114112K
  class space    used 6490K, committed 6848K, reserved 1048576K
}
Event: 15.225 GC heap after
{Heap after GC invocations=27 (full 0):
 garbage-first heap   total 72704K, used 43763K [0x00000000c8e00000, 0x0000000100000000)
  region size 1024K, 1 young (1024K), 1 survivors (1024K)
 Metaspace       used 55421K, committed 56128K, reserved 1114112K
  class space    used 6490K, committed 6848K, reserved 1048576K
}

