# JRE version: OpenJDK Runtime Environment (21.0.4) (build 21.0.4+-12508038-b607.1)
# Java VM: OpenJDK 64-Bit Server VM (21.0.4+-12508038-b607.1, mixed mode, tiered, compressed oops, compressed class ptrs, g1 gc, windows-amd64)
GC Precious Log:
 CardTable entry size: 512
 Card Set container configuration: InlinePtr #cards 5 size 8 Array Of Cards #cards 12 size 40 Howl #buckets 4 coarsen threshold 1843 Howl Bitmap #cards 512 size 80 coarsen threshold 460 Card regions per heap region 1 cards per card region 2048
 CPUs: 4 total, 4 available
 Memory: 3521M
 Large Page Support: Disabled
 NUMA Support: Disabled
 Compressed Oops: Enabled (32-bit)
 Heap Region Size: 1M
 Heap Min Capacity: 8M
 Heap Initial Capacity: 56M
 Heap Max Capacity: 2G
 Pre-touch: Disabled
 Parallel Workers: 4
 Concurrent Workers: 1
 Concurrent Refinement Workers: 4
 Periodic GC: Disabled
Heap:
 garbage-first heap   total 219136K, used 168285K [0x0000000080000000, 0x0000000100000000)
  region size 1024K, 7 young (7168K), 4 survivors (4096K)
 Metaspace       used 119501K, committed 121728K, reserved 1179648K
  class space    used 15929K, committed 17024K, reserved 1048576K
GC Heap History (20 events):
Event: 195.160 GC heap before
{Heap before GC invocations=54 (full 0):
 garbage-first heap   total 153600K, used 140065K [0x0000000080000000, 0x0000000100000000)
  region size 1024K, 51 young (52224K), 5 survivors (5120K)
 Metaspace       used 102428K, committed 104448K, reserved 1179648K
  class space    used 13828K, committed 14848K, reserved 1048576K
}
Event: 195.209 GC heap after
{Heap after GC invocations=55 (full 0):
 garbage-first heap   total 153600K, used 96680K [0x0000000080000000, 0x0000000100000000)
  region size 1024K, 7 young (7168K), 7 survivors (7168K)
 Metaspace       used 102428K, committed 104448K, reserved 1179648K
  class space    used 13828K, committed 14848K, reserved 1048576K
}
Event: 202.742 GC heap before
{Heap before GC invocations=56 (full 0):
 garbage-first heap   total 162816K, used 136616K [0x0000000080000000, 0x0000000100000000)
  region size 1024K, 46 young (47104K), 7 survivors (7168K)
 Metaspace       used 105308K, committed 107328K, reserved 1179648K
  class space    used 14327K, committed 15360K, reserved 1048576K
}
Event: 202.803 GC heap after
{Heap after GC invocations=57 (full 0):
 garbage-first heap   total 162816K, used 98120K [0x0000000080000000, 0x0000000100000000)
  region size 1024K, 2 young (2048K), 2 survivors (2048K)
 Metaspace       used 105308K, committed 107328K, reserved 1179648K
  class space    used 14327K, committed 15360K, reserved 1048576K
}
Event: 210.203 GC heap before
{Heap before GC invocations=57 (full 0):
 garbage-first heap   total 162816K, used 151368K [0x0000000080000000, 0x0000000100000000)
  region size 1024K, 54 young (55296K), 2 survivors (2048K)
 Metaspace       used 109374K, committed 111424K, reserved 1179648K
  class space    used 14829K, committed 15872K, reserved 1048576K
}
Event: 210.225 GC heap after
{Heap after GC invocations=58 (full 0):
 garbage-first heap   total 162816K, used 102095K [0x0000000080000000, 0x0000000100000000)
  region size 1024K, 6 young (6144K), 6 survivors (6144K)
 Metaspace       used 109374K, committed 111424K, reserved 1179648K
  class space    used 14829K, committed 15872K, reserved 1048576K
}
Event: 212.844 GC heap before
{Heap before GC invocations=58 (full 0):
 garbage-first heap   total 162816K, used 122575K [0x0000000080000000, 0x0000000100000000)
  region size 1024K, 28 young (28672K), 6 survivors (6144K)
 Metaspace       used 110846K, committed 113024K, reserved 1179648K
  class space    used 14960K, committed 16064K, reserved 1048576K
}
Event: 212.886 GC heap after
{Heap after GC invocations=59 (full 0):
 garbage-first heap   total 162816K, used 107387K [0x0000000080000000, 0x0000000100000000)
  region size 1024K, 5 young (5120K), 5 survivors (5120K)
 Metaspace       used 110846K, committed 113024K, reserved 1179648K
  class space    used 14960K, committed 16064K, reserved 1048576K
}
Event: 225.037 GC heap before
{Heap before GC invocations=60 (full 0):
 garbage-first heap   total 188416K, used 151419K [0x0000000080000000, 0x0000000100000000)
  region size 1024K, 44 young (45056K), 5 survivors (5120K)
 Metaspace       used 114130K, committed 116224K, reserved 1179648K
  class space    used 15332K, committed 16384K, reserved 1048576K
}
Event: 225.068 GC heap after
{Heap after GC invocations=61 (full 0):
 garbage-first heap   total 188416K, used 112037K [0x0000000080000000, 0x0000000100000000)
  region size 1024K, 6 young (6144K), 6 survivors (6144K)
 Metaspace       used 114130K, committed 116224K, reserved 1179648K
  class space    used 15332K, committed 16384K, reserved 1048576K
}
Event: 230.409 GC heap before
{Heap before GC invocations=61 (full 0):
 garbage-first heap   total 188416K, used 170405K [0x0000000080000000, 0x0000000100000000)
  region size 1024K, 64 young (65536K), 6 survivors (6144K)
 Metaspace       used 114739K, committed 116928K, reserved 1179648K
  class space    used 15432K, committed 16512K, reserved 1048576K
}
Event: 230.431 GC heap after
{Heap after GC invocations=62 (full 0):
 garbage-first heap   total 188416K, used 112864K [0x0000000080000000, 0x0000000100000000)
  region size 1024K, 5 young (5120K), 5 survivors (5120K)
 Metaspace       used 114739K, committed 116928K, reserved 1179648K
  class space    used 15432K, committed 16512K, reserved 1048576K
}
Event: 239.506 GC heap before
{Heap before GC invocations=62 (full 0):
 garbage-first heap   total 188416K, used 148704K [0x0000000080000000, 0x0000000100000000)
  region size 1024K, 42 young (43008K), 5 survivors (5120K)
 Metaspace       used 116521K, committed 118720K, reserved 1179648K
  class space    used 15589K, committed 16704K, reserved 1048576K
}
Event: 239.526 GC heap after
{Heap after GC invocations=63 (full 0):
 garbage-first heap   total 188416K, used 121856K [0x0000000080000000, 0x0000000100000000)
  region size 1024K, 8 young (8192K), 8 survivors (8192K)
 Metaspace       used 116521K, committed 118720K, reserved 1179648K
  class space    used 15589K, committed 16704K, reserved 1048576K
}
Event: 246.056 GC heap before
{Heap before GC invocations=64 (full 0):
 garbage-first heap   total 219136K, used 184320K [0x0000000080000000, 0x0000000100000000)
  region size 1024K, 53 young (54272K), 8 survivors (8192K)
 Metaspace       used 117150K, committed 119360K, reserved 1179648K
  class space    used 15648K, committed 16768K, reserved 1048576K
}
Event: 246.092 GC heap after
{Heap after GC invocations=65 (full 0):
 garbage-first heap   total 219136K, used 140288K [0x0000000080000000, 0x0000000100000000)
  region size 1024K, 7 young (7168K), 7 survivors (7168K)
 Metaspace       used 117150K, committed 119360K, reserved 1179648K
  class space    used 15648K, committed 16768K, reserved 1048576K
}
Event: 256.559 GC heap before
{Heap before GC invocations=65 (full 0):
 garbage-first heap   total 219136K, used 187392K [0x0000000080000000, 0x0000000100000000)
  region size 1024K, 53 young (54272K), 7 survivors (7168K)
 Metaspace       used 119494K, committed 121728K, reserved 1179648K
  class space    used 15929K, committed 17024K, reserved 1048576K
}
Event: 256.590 GC heap after
{Heap after GC invocations=66 (full 0):
 garbage-first heap   total 219136K, used 146944K [0x0000000080000000, 0x0000000100000000)
  region size 1024K, 7 young (7168K), 7 survivors (7168K)
 Metaspace       used 119494K, committed 121728K, reserved 1179648K
  class space    used 15929K, committed 17024K, reserved 1048576K
}
Event: 256.995 GC heap before
{Heap before GC invocations=66 (full 0):
 garbage-first heap   total 219136K, used 148992K [0x0000000080000000, 0x0000000100000000)
  region size 1024K, 11 young (11264K), 7 survivors (7168K)
 Metaspace       used 119499K, committed 121728K, reserved 1179648K
  class space    used 15929K, committed 17024K, reserved 1048576K
}
Event: 257.021 GC heap after
{Heap after GC invocations=67 (full 0):
 garbage-first heap   total 219136K, used 150877K [0x0000000080000000, 0x0000000100000000)
  region size 1024K, 4 young (4096K), 4 survivors (4096K)
 Metaspace       used 119499K, committed 121728K, reserved 1179648K
  class space    used 15929K, committed 17024K, reserved 1048576K
}

