# JRE version: Java(TM) SE Runtime Environment (8.0_45-b14) (build 1.8.0_45-b14)
# Java VM: Java HotSpot(TM) 64-Bit Server VM (25.45-b02 mixed mode windows-amd64 compressed oops)
Heap:
 PSYoungGen      total 463360K, used 8442K [0x00000000d5580000, 0x00000000f4480000, 0x0000000100000000)
  eden space 428032K, 1% used [0x00000000d5580000,0x00000000d5dbeae8,0x00000000ef780000)
  from space 35328K, 0% used [0x00000000f1900000,0x00000000f1900000,0x00000000f3b80000)
  to   space 34304K, 0% used [0x00000000ef780000,0x00000000ef780000,0x00000000f1900000)
 ParOldGen       total 129536K, used 50033K [0x0000000080000000, 0x0000000087e80000, 0x00000000d5580000)
  object space 129536K, 38% used [0x0000000080000000,0x00000000830dc7f8,0x0000000087e80000)
 Metaspace       used 95099K, capacity 98536K, committed 98752K, reserved 1134592K
  class space    used 12598K, capacity 13272K, committed 13312K, reserved 1048576K
GC Heap History (10 events):
Event: 12.730 GC heap before
{Heap before GC invocations=18 (full 3):
 PSYoungGen      total 322048K, used 4181K [0x00000000d5580000, 0x00000000efe80000, 0x0000000100000000)
  eden space 300032K, 0% used [0x00000000d5580000,0x00000000d5580000,0x00000000e7a80000)
  from space 22016K, 18% used [0x00000000e7a80000,0x00000000e7e95660,0x00000000e9000000)
  to   space 21504K, 0% used [0x00000000ee980000,0x00000000ee980000,0x00000000efe80000)
 ParOldGen       total 54784K, used 50629K [0x0000000080000000, 0x0000000083580000, 0x00000000d5580000)
  object space 54784K, 92% used [0x0000000080000000,0x0000000083171760,0x0000000083580000)
 Metaspace       used 56402K, capacity 58918K, committed 59096K, reserved 1099776K
  class space    used 8206K, capacity 8693K, committed 8704K, reserved 1048576K
Event: 12.975 GC heap after
Heap after GC invocations=18 (full 3):
 PSYoungGen      total 322048K, used 0K [0x00000000d5580000, 0x00000000efe80000, 0x0000000100000000)
  eden space 300032K, 0% used [0x00000000d5580000,0x00000000d5580000,0x00000000e7a80000)
  from space 22016K, 0% used [0x00000000e7a80000,0x00000000e7a80000,0x00000000e9000000)
  to   space 21504K, 0% used [0x00000000ee980000,0x00000000ee980000,0x00000000efe80000)
 ParOldGen       total 99328K, used 40457K [0x0000000080000000, 0x0000000086100000, 0x00000000d5580000)
  object space 99328K, 40% used [0x0000000080000000,0x0000000082782568,0x0000000086100000)
 Metaspace       used 56402K, capacity 58918K, committed 59096K, reserved 1099776K
  class space    used 8206K, capacity 8693K, committed 8704K, reserved 1048576K
}
Event: 16.253 GC heap before
{Heap before GC invocations=19 (full 3):
 PSYoungGen      total 322048K, used 300032K [0x00000000d5580000, 0x00000000efe80000, 0x0000000100000000)
  eden space 300032K, 100% used [0x00000000d5580000,0x00000000e7a80000,0x00000000e7a80000)
  from space 22016K, 0% used [0x00000000e7a80000,0x00000000e7a80000,0x00000000e9000000)
  to   space 21504K, 0% used [0x00000000ee980000,0x00000000ee980000,0x00000000efe80000)
 ParOldGen       total 99328K, used 40457K [0x0000000080000000, 0x0000000086100000, 0x00000000d5580000)
  object space 99328K, 40% used [0x0000000080000000,0x0000000082782568,0x0000000086100000)
 Metaspace       used 70673K, capacity 73488K, committed 73944K, reserved 1112064K
  class space    used 9801K, capacity 10372K, committed 10496K, reserved 1048576K
Event: 16.317 GC heap after
Heap after GC invocations=19 (full 3):
 PSYoungGen      total 394752K, used 21480K [0x00000000d5580000, 0x00000000efe80000, 0x0000000100000000)
  eden space 373248K, 0% used [0x00000000d5580000,0x00000000d5580000,0x00000000ec200000)
  from space 21504K, 99% used [0x00000000ee980000,0x00000000efe7a110,0x00000000efe80000)
  to   space 26112K, 0% used [0x00000000ecb80000,0x00000000ecb80000,0x00000000ee500000)
 ParOldGen       total 99328K, used 43814K [0x0000000080000000, 0x0000000086100000, 0x00000000d5580000)
  object space 99328K, 44% used [0x0000000080000000,0x0000000082ac9a10,0x0000000086100000)
 Metaspace       used 70673K, capacity 73488K, committed 73944K, reserved 1112064K
  class space    used 9801K, capacity 10372K, committed 10496K, reserved 1048576K
}
Event: 23.267 GC heap before
{Heap before GC invocations=20 (full 3):
 PSYoungGen      total 394752K, used 394728K [0x00000000d5580000, 0x00000000efe80000, 0x0000000100000000)
  eden space 373248K, 100% used [0x00000000d5580000,0x00000000ec200000,0x00000000ec200000)
  from space 21504K, 99% used [0x00000000ee980000,0x00000000efe7a110,0x00000000efe80000)
  to   space 26112K, 0% used [0x00000000ecb80000,0x00000000ecb80000,0x00000000ee500000)
 ParOldGen       total 99328K, used 43814K [0x0000000080000000, 0x0000000086100000, 0x00000000d5580000)
  object space 99328K, 44% used [0x0000000080000000,0x0000000082ac9a10,0x0000000086100000)
 Metaspace       used 90612K, capacity 93414K, committed 93912K, reserved 1130496K
  class space    used 11898K, capacity 12483K, committed 12544K, reserved 1048576K
Event: 23.317 GC heap after
Heap after GC invocations=20 (full 3):
 PSYoungGen      total 409088K, used 26105K [0x00000000d5580000, 0x00000000f3b80000, 0x0000000100000000)
  eden space 382976K, 0% used [0x00000000d5580000,0x00000000d5580000,0x00000000ecb80000)
  from space 26112K, 99% used [0x00000000ecb80000,0x00000000ee4fe760,0x00000000ee500000)
  to   space 35328K, 0% used [0x00000000f1900000,0x00000000f1900000,0x00000000f3b80000)
 ParOldGen       total 99328K, used 56391K [0x0000000080000000, 0x0000000086100000, 0x00000000d5580000)
  object space 99328K, 56% used [0x0000000080000000,0x0000000083711d90,0x0000000086100000)
 Metaspace       used 90612K, capacity 93414K, committed 93912K, reserved 1130496K
  class space    used 11898K, capacity 12483K, committed 12544K, reserved 1048576K
}
Event: 24.825 GC heap before
{Heap before GC invocations=21 (full 3):
 PSYoungGen      total 409088K, used 115469K [0x00000000d5580000, 0x00000000f3b80000, 0x0000000100000000)
  eden space 382976K, 23% used [0x00000000d5580000,0x00000000dacc4fb8,0x00000000ecb80000)
  from space 26112K, 99% used [0x00000000ecb80000,0x00000000ee4fe760,0x00000000ee500000)
  to   space 35328K, 0% used [0x00000000f1900000,0x00000000f1900000,0x00000000f3b80000)
 ParOldGen       total 99328K, used 56391K [0x0000000080000000, 0x0000000086100000, 0x00000000d5580000)
  object space 99328K, 56% used [0x0000000080000000,0x0000000083711d90,0x0000000086100000)
 Metaspace       used 94988K, capacity 98448K, committed 98496K, reserved 1134592K
  class space    used 12570K, capacity 13266K, committed 13312K, reserved 1048576K
Event: 24.857 GC heap after
Heap after GC invocations=21 (full 3):
 PSYoungGen      total 463360K, used 5286K [0x00000000d5580000, 0x00000000f4480000, 0x0000000100000000)
  eden space 428032K, 0% used [0x00000000d5580000,0x00000000d5580000,0x00000000ef780000)
  from space 35328K, 14% used [0x00000000f1900000,0x00000000f1e29ae8,0x00000000f3b80000)
  to   space 34304K, 0% used [0x00000000ef780000,0x00000000ef780000,0x00000000f1900000)
 ParOldGen       total 99328K, used 65260K [0x0000000080000000, 0x0000000086100000, 0x00000000d5580000)
  object space 99328K, 65% used [0x0000000080000000,0x0000000083fbb140,0x0000000086100000)
 Metaspace       used 94988K, capacity 98448K, committed 98496K, reserved 1134592K
  class space    used 12570K, capacity 13266K, committed 13312K, reserved 1048576K
}
Event: 24.857 GC heap before
{Heap before GC invocations=22 (full 4):
 PSYoungGen      total 463360K, used 5286K [0x00000000d5580000, 0x00000000f4480000, 0x0000000100000000)
  eden space 428032K, 0% used [0x00000000d5580000,0x00000000d5580000,0x00000000ef780000)
  from space 35328K, 14% used [0x00000000f1900000,0x00000000f1e29ae8,0x00000000f3b80000)
  to   space 34304K, 0% used [0x00000000ef780000,0x00000000ef780000,0x00000000f1900000)
 ParOldGen       total 99328K, used 65260K [0x0000000080000000, 0x0000000086100000, 0x00000000d5580000)
  object space 99328K, 65% used [0x0000000080000000,0x0000000083fbb140,0x0000000086100000)
 Metaspace       used 94988K, capacity 98448K, committed 98496K, reserved 1134592K
  class space    used 12570K, capacity 13266K, committed 13312K, reserved 1048576K
Event: 25.438 GC heap after
Heap after GC invocations=22 (full 4):
 PSYoungGen      total 463360K, used 0K [0x00000000d5580000, 0x00000000f4480000, 0x0000000100000000)
  eden space 428032K, 0% used [0x00000000d5580000,0x00000000d5580000,0x00000000ef780000)
  from space 35328K, 0% used [0x00000000f1900000,0x00000000f1900000,0x00000000f3b80000)
  to   space 34304K, 0% used [0x00000000ef780000,0x00000000ef780000,0x00000000f1900000)
 ParOldGen       total 129536K, used 50033K [0x0000000080000000, 0x0000000087e80000, 0x00000000d5580000)
  object space 129536K, 38% used [0x0000000080000000,0x00000000830dc7f8,0x0000000087e80000)
 Metaspace       used 94988K, capacity 98448K, committed 98496K, reserved 1134592K
  class space    used 12570K, capacity 13266K, committed 13312K, reserved 1048576K
}

